  ADDR B1 B2 B3 B4 C:\Users\German\Box Sync\Facultad\Arquitectura   PAGE       1

                           ORG $0000
                   s       rmb     1
                   p       rmb     1
                   q       rmb     1
                   r       rmb     1


                           ORG $8000
                   inicio
  8000 96 01               ldaa    p
  8002 D6 02               ldab    q
  8004 1B                  aba
  8005 D6 03               ldab    r
  8007 10                  sba
  8008 97 00               staa    s
                   fin
  800A 20 FE               bra     fin

                           ORG s
  0000 00 14 1E 04         db      0,20,30,4

                           ORG $fffe
  FFFE 80 00               dw inicio

  Symbol Table 

  P                  0001
  Q                  0002
  R                  0003
  S                  0000
  FIN                800A
  INICIO             8000
